{"$message_type":"diagnostic","message":"crate `RustOS` should have a snake case name","code":{"code":"non_snake_case","explanation":null},"level":"warning","spans":[{"file_name":"src/main.rs","byte_start":0,"byte_end":0,"line_start":1,"line_end":1,"column_start":1,"column_end":1,"is_primary":true,"text":[],"label":null,"suggested_replacement":null,"suggestion_applicability":null,"expansion":null}],"children":[{"message":"convert the identifier to snake case: `rust_os`","code":null,"level":"help","spans":[],"children":[],"rendered":null},{"message":"`#[warn(non_snake_case)]` on by default","code":null,"level":"note","spans":[],"children":[],"rendered":null}],"rendered":"\u001b[0m\u001b[1m\u001b[33mwarning\u001b[0m\u001b[0m\u001b[1m: crate `RustOS` should have a snake case name\u001b[0m\n\u001b[0m  \u001b[0m\u001b[0m\u001b[1m\u001b[38;5;12m|\u001b[0m\n\u001b[0m  \u001b[0m\u001b[0m\u001b[1m\u001b[38;5;12m= \u001b[0m\u001b[0m\u001b[1mhelp\u001b[0m\u001b[0m: convert the identifier to snake case: `rust_os`\u001b[0m\n\u001b[0m  \u001b[0m\u001b[0m\u001b[1m\u001b[38;5;12m= \u001b[0m\u001b[0m\u001b[1mnote\u001b[0m\u001b[0m: `#[warn(non_snake_case)]` on by default\u001b[0m\n\n"}
{"$message_type":"diagnostic","message":"linking with `cc` failed: exit status: 1","code":null,"level":"error","spans":[],"children":[{"message":"env -u IPHONEOS_DEPLOYMENT_TARGET -u TVOS_DEPLOYMENT_TARGET LC_ALL=\"C\" PATH=\"/Users/manu/.rustup/toolchains/stable-aarch64-apple-darwin/lib/rustlib/aarch64-apple-darwin/bin:/Library/Frameworks/Python.framework/Versions/3.12/bin:/Library/Frameworks/Python.framework/Versions/2.7/bin:/Library/Frameworks/Python.framework/Versions/3.11/bin:/Library/Frameworks/Python.framework/Versions/3.7/bin:/Library/Frameworks/Python.framework/Versions/3.10/bin:/opt/homebrew/bin:/opt/homebrew/sbin:/usr/local/bin:/System/Cryptexes/App/usr/bin:/usr/bin:/bin:/usr/sbin:/sbin:/var/run/com.apple.security.cryptexd/codex.system/bootstrap/usr/local/bin:/var/run/com.apple.security.cryptexd/codex.system/bootstrap/usr/bin:/var/run/com.apple.security.cryptexd/codex.system/bootstrap/usr/appleinternal/bin:/Library/Apple/usr/bin:/usr/local/share/dotnet:~/.dotnet/tools:/usr/local/go/bin:/Library/Frameworks/Python.framework/Versions/3.12/bin:/Library/Frameworks/Python.framework/Versions/2.7/bin:/Library/Frameworks/Python.framework/Versions/3.11/bin:/Library/Frameworks/Python.framework/Versions/3.7/bin:/Library/Frameworks/Python.framework/Versions/3.10/bin:/Users/manu/.cargo/bin:/Users/manu/Library/Application Support/JetBrains/Toolbox/scripts:/Users/manu/Library/Application Support/JetBrains/Toolbox/scripts\" VSLANG=\"1033\" ZERO_AR_DATE=\"1\" \"cc\" \"-arch\" \"arm64\" \"/var/folders/0f/df7p9gp13wg606tsd7zjk8h80000gn/T/rustctMS1Su/symbols.o\" \"/Users/manu/Documents/RustOS/target/debug/deps/RustOS-227d3682bb2ced53.4kz8ngehlrvev3h7.rcgu.o\" \"-L\" \"/Users/manu/Documents/RustOS/target/debug/deps\" \"-L\" \"/Users/manu/.rustup/toolchains/stable-aarch64-apple-darwin/lib/rustlib/aarch64-apple-darwin/lib\" \"/Users/manu/.rustup/toolchains/stable-aarch64-apple-darwin/lib/rustlib/aarch64-apple-darwin/lib/librustc_std_workspace_core-fb23eb00feddf1cb.rlib\" \"/Users/manu/.rustup/toolchains/stable-aarch64-apple-darwin/lib/rustlib/aarch64-apple-darwin/lib/libcore-c6577f5d4f5dcd9a.rlib\" \"/Users/manu/.rustup/toolchains/stable-aarch64-apple-darwin/lib/rustlib/aarch64-apple-darwin/lib/libcompiler_builtins-6d556b0e8bf6f23e.rlib\" \"-L\" \"/Users/manu/.rustup/toolchains/stable-aarch64-apple-darwin/lib/rustlib/aarch64-apple-darwin/lib\" \"-o\" \"/Users/manu/Documents/RustOS/target/debug/deps/RustOS-227d3682bb2ced53\" \"-Wl,-dead_strip\" \"-nodefaultlibs\"","code":null,"level":"note","spans":[],"children":[],"rendered":null},{"message":"Undefined symbols for architecture arm64:\n  \"_main\", referenced from:\n      <initial-undefines>\nld: symbol(s) not found for architecture arm64\nclang: error: linker command failed with exit code 1 (use -v to see invocation)\n","code":null,"level":"note","spans":[],"children":[],"rendered":null}],"rendered":"\u001b[0m\u001b[1m\u001b[38;5;9merror\u001b[0m\u001b[0m\u001b[1m: linking with `cc` failed: exit status: 1\u001b[0m\n\u001b[0m  \u001b[0m\u001b[0m\u001b[1m\u001b[38;5;12m|\u001b[0m\n\u001b[0m  \u001b[0m\u001b[0m\u001b[1m\u001b[38;5;12m= \u001b[0m\u001b[0m\u001b[1mnote\u001b[0m\u001b[0m: env -u IPHONEOS_DEPLOYMENT_TARGET -u TVOS_DEPLOYMENT_TARGET LC_ALL=\"C\" PATH=\"/Users/manu/.rustup/toolchains/stable-aarch64-apple-darwin/lib/rustlib/aarch64-apple-darwin/bin:/Library/Frameworks/Python.framework/Versions/3.12/bin:/Library/Frameworks/Python.framework/Versions/2.7/bin:/Library/Frameworks/Python.framework/Versions/3.11/bin:/Library/Frameworks/Python.framework/Versions/3.7/bin:/Library/Frameworks/Python.framework/Versions/3.10/bin:/opt/homebrew/bin:/opt/homebrew/sbin:/usr/local/bin:/System/Cryptexes/App/usr/bin:/usr/bin:/bin:/usr/sbin:/sbin:/var/run/com.apple.security.cryptexd/codex.system/bootstrap/usr/local/bin:/var/run/com.apple.security.cryptexd/codex.system/bootstrap/usr/bin:/var/run/com.apple.security.cryptexd/codex.system/bootstrap/usr/appleinternal/bin:/Library/Apple/usr/bin:/usr/local/share/dotnet:~/.dotnet/tools:/usr/local/go/bin:/Library/Frameworks/Python.framework/Versions/3.12/bin:/Library/Frameworks/Python.framework/Versions/2.7/bin:/Library/Frameworks/Python.framework/Versions/3.11/bin:/Library/Frameworks/Python.framework/Versions/3.7/bin:/Library/Frameworks/Python.framework/Versions/3.10/bin:/Users/manu/.cargo/bin:/Users/manu/Library/Application Support/JetBrains/Toolbox/scripts:/Users/manu/Library/Application Support/JetBrains/Toolbox/scripts\" VSLANG=\"1033\" ZERO_AR_DATE=\"1\" \"cc\" \"-arch\" \"arm64\" \"/var/folders/0f/df7p9gp13wg606tsd7zjk8h80000gn/T/rustctMS1Su/symbols.o\" \"/Users/manu/Documents/RustOS/target/debug/deps/RustOS-227d3682bb2ced53.4kz8ngehlrvev3h7.rcgu.o\" \"-L\" \"/Users/manu/Documents/RustOS/target/debug/deps\" \"-L\" \"/Users/manu/.rustup/toolchains/stable-aarch64-apple-darwin/lib/rustlib/aarch64-apple-darwin/lib\" \"/Users/manu/.rustup/toolchains/stable-aarch64-apple-darwin/lib/rustlib/aarch64-apple-darwin/lib/librustc_std_workspace_core-fb23eb00feddf1cb.rlib\" \"/Users/manu/.rustup/toolchains/stable-aarch64-apple-darwin/lib/rustlib/aarch64-apple-darwin/lib/libcore-c6577f5d4f5dcd9a.rlib\" \"/Users/manu/.rustup/toolchains/stable-aarch64-apple-darwin/lib/rustlib/aarch64-apple-darwin/lib/libcompiler_builtins-6d556b0e8bf6f23e.rlib\" \"-L\" \"/Users/manu/.rustup/toolchains/stable-aarch64-apple-darwin/lib/rustlib/aarch64-apple-darwin/lib\" \"-o\" \"/Users/manu/Documents/RustOS/target/debug/deps/RustOS-227d3682bb2ced53\" \"-Wl,-dead_strip\" \"-nodefaultlibs\"\u001b[0m\n\u001b[0m  \u001b[0m\u001b[0m\u001b[1m\u001b[38;5;12m= \u001b[0m\u001b[0m\u001b[1mnote\u001b[0m\u001b[0m: Undefined symbols for architecture arm64:\u001b[0m\n\u001b[0m            \"_main\", referenced from:\u001b[0m\n\u001b[0m                <initial-undefines>\u001b[0m\n\u001b[0m          ld: symbol(s) not found for architecture arm64\u001b[0m\n\u001b[0m          clang: error: linker command failed with exit code 1 (use -v to see invocation)\u001b[0m\n\u001b[0m          \u001b[0m\n\n"}
{"$message_type":"diagnostic","message":"aborting due to 1 previous error; 1 warning emitted","code":null,"level":"error","spans":[],"children":[],"rendered":"\u001b[0m\u001b[1m\u001b[38;5;9merror\u001b[0m\u001b[0m\u001b[1m: aborting due to 1 previous error; 1 warning emitted\u001b[0m\n\n"}
